[debug] [2021-02-05T05:47:10.448Z] ----------------------------------------------------------------------
[debug] [2021-02-05T05:47:10.449Z] Command:       /usr/local/bin/firebase /Users/wisebin/.cache/firebase/tools/lib/node_modules/firebase-tools/lib/bin/firebase serve
[debug] [2021-02-05T05:47:10.449Z] CLI Version:   9.3.0
[debug] [2021-02-05T05:47:10.449Z] Platform:      darwin
[debug] [2021-02-05T05:47:10.449Z] Node Version:  v12.18.1
[debug] [2021-02-05T05:47:10.452Z] Time:          Fri Feb 05 2021 14:47:10 GMT+0900 (Korean Standard Time)
[debug] [2021-02-05T05:47:10.452Z] ----------------------------------------------------------------------
[debug] [2021-02-05T05:47:10.452Z] 
[debug] [2021-02-05T05:47:10.461Z] > command requires scopes: ["email","openid","https://www.googleapis.com/auth/cloudplatformprojects.readonly","https://www.googleapis.com/auth/firebase","https://www.googleapis.com/auth/cloud-platform"]
[debug] [2021-02-05T05:47:10.461Z] > authorizing via signed-in user
[debug] [2021-02-05T05:47:10.461Z] [iam] checking project vjs-fb for permissions ["firebase.projects.get"]
[debug] [2021-02-05T05:47:10.465Z] > refreshing access token with scopes: ["email","https://www.googleapis.com/auth/cloud-platform","https://www.googleapis.com/auth/cloudplatformprojects.readonly","https://www.googleapis.com/auth/firebase","openid"]
[debug] [2021-02-05T05:47:10.465Z] >>> HTTP REQUEST POST https://www.googleapis.com/oauth2/v3/token  
 <request body omitted>
[debug] [2021-02-05T05:47:10.823Z] <<< HTTP RESPONSE 200 {"date":"Fri, 05 Feb 2021 05:47:10 GMT","cache-control":"no-cache, no-store, max-age=0, must-revalidate","expires":"Mon, 01 Jan 1990 00:00:00 GMT","pragma":"no-cache","content-type":"application/json; charset=utf-8","vary":"X-Origin, Referer, Origin,Accept-Encoding","server":"scaffolding on HTTPServer2","x-xss-protection":"0","x-frame-options":"SAMEORIGIN","x-content-type-options":"nosniff","alt-svc":"h3-29=\":443\"; ma=2592000,h3-T051=\":443\"; ma=2592000,h3-Q050=\":443\"; ma=2592000,h3-Q046=\":443\"; ma=2592000,h3-Q043=\":443\"; ma=2592000,quic=\":443\"; ma=2592000; v=\"46,43\"","accept-ranges":"none","transfer-encoding":"chunked"}
[debug] [2021-02-05T05:47:10.851Z] >>> HTTP REQUEST POST https://cloudresourcemanager.googleapis.com/v1/projects/vjs-fb:testIamPermissions  
 {"permissions":["firebase.projects.get"]}
[debug] [2021-02-05T05:47:11.685Z] <<< HTTP RESPONSE 200 {"content-type":"application/json; charset=UTF-8","vary":"X-Origin, Referer, Origin,Accept-Encoding","date":"Fri, 05 Feb 2021 05:47:11 GMT","server":"ESF","cache-control":"private","x-xss-protection":"0","x-frame-options":"SAMEORIGIN","x-content-type-options":"nosniff","server-timing":"gfet4t7; dur=588","alt-svc":"h3-29=\":443\"; ma=2592000,h3-T051=\":443\"; ma=2592000,h3-Q050=\":443\"; ma=2592000,h3-Q046=\":443\"; ma=2592000,h3-Q043=\":443\"; ma=2592000,quic=\":443\"; ma=2592000; v=\"46,43\"","accept-ranges":"none","transfer-encoding":"chunked"}
[debug] [2021-02-05T05:47:11.692Z] > refreshing access token with scopes: []
[debug] [2021-02-05T05:47:11.693Z] >>> HTTP REQUEST POST https://www.googleapis.com/oauth2/v3/token  
 <request body omitted>
[debug] [2021-02-05T05:47:11.934Z] <<< HTTP RESPONSE 200 {"expires":"Mon, 01 Jan 1990 00:00:00 GMT","cache-control":"no-cache, no-store, max-age=0, must-revalidate","pragma":"no-cache","date":"Fri, 05 Feb 2021 05:47:11 GMT","content-type":"application/json; charset=utf-8","vary":"X-Origin, Referer, Origin,Accept-Encoding","server":"scaffolding on HTTPServer2","x-xss-protection":"0","x-frame-options":"SAMEORIGIN","x-content-type-options":"nosniff","alt-svc":"h3-29=\":443\"; ma=2592000,h3-T051=\":443\"; ma=2592000,h3-Q050=\":443\"; ma=2592000,h3-Q046=\":443\"; ma=2592000,h3-Q043=\":443\"; ma=2592000,quic=\":443\"; ma=2592000; v=\"46,43\"","accept-ranges":"none","transfer-encoding":"chunked"}
[debug] [2021-02-05T05:47:11.954Z] >>> [apiv2][query] GET https://firebase.googleapis.com/v1beta1/projects/vjs-fb [none]
[debug] [2021-02-05T05:47:12.518Z] <<< [apiv2][status] GET https://firebase.googleapis.com/v1beta1/projects/vjs-fb 200
[debug] [2021-02-05T05:47:12.518Z] <<< [apiv2][body] GET https://firebase.googleapis.com/v1beta1/projects/vjs-fb {"projectId":"vjs-fb","projectNumber":"724739859227","displayName":"Vjs-Fb","name":"projects/vjs-fb","resources":{"hostingSite":"vjs-fb","realtimeDatabaseInstance":"vjs-fb-default-rtdb","storageBucket":"vjs-fb.appspot.com","locationId":"asia-northeast3"},"state":"ACTIVE"}
[info] 
[info] === Serving from '/Users/wisebin/Vue-Firebase/vf2'...
[info] 
[debug] [2021-02-05T05:47:12.521Z] >>> [apiv2][query] GET https://firebase.googleapis.com/v1beta1/projects/vjs-fb/webApps/-/config [none]
[info] ✔  functions: Using node@12 from host. {"metadata":{"emulator":{"name":"functions"},"message":"Using node@12 from host."}}
[debug] [2021-02-05T05:47:12.536Z] defaultcredentials: writing to file /Users/wisebin/.config/firebase/iyu88887_gmail_com_application_default_credentials.json
[debug] [2021-02-05T05:47:12.537Z] Setting GAC to /Users/wisebin/.config/firebase/iyu88887_gmail_com_application_default_credentials.json {"metadata":{"emulator":{"name":"functions"},"message":"Setting GAC to /Users/wisebin/.config/firebase/iyu88887_gmail_com_application_default_credentials.json"}}
[debug] [2021-02-05T05:47:12.539Z] >>> [apiv2][query] GET https://firebase.googleapis.com/v1beta1/projects/vjs-fb/adminSdkConfig [none]
[debug] [2021-02-05T05:47:13.214Z] <<< [apiv2][status] GET https://firebase.googleapis.com/v1beta1/projects/vjs-fb/adminSdkConfig 200
[debug] [2021-02-05T05:47:13.215Z] <<< [apiv2][body] GET https://firebase.googleapis.com/v1beta1/projects/vjs-fb/adminSdkConfig {"projectId":"vjs-fb","databaseURL":"https://vjs-fb-default-rtdb.firebaseio.com","storageBucket":"vjs-fb.appspot.com","locationId":"asia-northeast3"}
[debug] [2021-02-05T05:47:13.933Z] <<< [apiv2][status] GET https://firebase.googleapis.com/v1beta1/projects/vjs-fb/webApps/-/config 200
[debug] [2021-02-05T05:47:13.934Z] <<< [apiv2][body] GET https://firebase.googleapis.com/v1beta1/projects/vjs-fb/webApps/-/config {"projectId":"vjs-fb","appId":"1:724739859227:web:2441aac79be1a5738329be","databaseURL":"https://vjs-fb-default-rtdb.firebaseio.com","storageBucket":"vjs-fb.appspot.com","locationId":"asia-northeast3","apiKey":"AIzaSyAQzSLlXh0go-Rl0HSCn1pdrHxu49RGjis","authDomain":"vjs-fb.firebaseapp.com","messagingSenderId":"724739859227"}
[info] i  functions: Watching "/Users/wisebin/Vue-Firebase/vf2/functions" for Cloud Functions... {"metadata":{"emulator":{"name":"functions"},"message":"Watching \"/Users/wisebin/Vue-Firebase/vf2/functions\" for Cloud Functions..."}}
[debug] [2021-02-05T05:47:14.004Z] [worker-pool] addWorker(~diagnostic~) {"metadata":{"emulator":{"name":"functions"},"message":"[worker-pool] addWorker(~diagnostic~)"}}
[debug] [2021-02-05T05:47:14.005Z] [worker-pool] Adding worker with key ~diagnostic~, total=1 {"metadata":{"emulator":{"name":"functions"},"message":"[worker-pool] Adding worker with key ~diagnostic~, total=1"}}
[debug] [2021-02-05T05:47:14.005Z] [worker-pool] submitWork(triggerId=) {"metadata":{"emulator":{"name":"functions"},"message":"[worker-pool] submitWork(triggerId=)"}}
[debug] [2021-02-05T05:47:14.006Z] [worker-~diagnostic~-8a44a898-fcb0-4dc9-b7ef-c38f0a9be1d4]: Assigning socketPath: /var/folders/4p/1ry90kld4rn5mg2lbv6plz9h0000gn/T/fire_emu_6704.sock {"metadata":{"emulator":{"name":"functions"},"message":"[worker-~diagnostic~-8a44a898-fcb0-4dc9-b7ef-c38f0a9be1d4]: Assigning socketPath: /var/folders/4p/1ry90kld4rn5mg2lbv6plz9h0000gn/T/fire_emu_6704.sock"}}
[debug] [2021-02-05T05:47:14.006Z] [worker-~diagnostic~-8a44a898-fcb0-4dc9-b7ef-c38f0a9be1d4]: BUSY {"metadata":{"emulator":{"name":"functions"},"message":"[worker-~diagnostic~-8a44a898-fcb0-4dc9-b7ef-c38f0a9be1d4]: BUSY"}}
[info] i  hosting: Serving hosting files from: dist {"metadata":{"emulator":{"name":"hosting"},"message":"Serving hosting files from: \u001b[1mdist\u001b[22m"}}
[info] ✔  hosting: Local server: http://localhost:5000 {"metadata":{"emulator":{"name":"hosting"},"message":"Local server: \u001b[4m\u001b[1mhttp://localhost:5000\u001b[22m\u001b[24m"}}
[debug] [2021-02-05T05:47:14.159Z] [runtime-status] [6704] Functions runtime initialized. {"cwd":"/Users/wisebin/Vue-Firebase/vf2/functions","node_version":"12.18.1"} {"metadata":{"emulator":{"name":"functions"},"message":"[runtime-status] [6704] Functions runtime initialized. {\"cwd\":\"/Users/wisebin/Vue-Firebase/vf2/functions\",\"node_version\":\"12.18.1\"}"}}
[debug] [2021-02-05T05:47:14.160Z] [runtime-status] [6704] Disabled runtime features: undefined {"metadata":{"emulator":{"name":"functions"},"message":"[runtime-status] [6704] Disabled runtime features: undefined"}}
[debug] [2021-02-05T05:47:14.160Z] [runtime-status] [6704] Resolved module firebase-admin {"declared":true,"installed":true,"version":"9.4.2","resolution":"/Users/wisebin/Vue-Firebase/vf2/functions/node_modules/firebase-admin/lib/index.js"} {"metadata":{"emulator":{"name":"functions"},"message":"[runtime-status] [6704] Resolved module firebase-admin {\"declared\":true,\"installed\":true,\"version\":\"9.4.2\",\"resolution\":\"/Users/wisebin/Vue-Firebase/vf2/functions/node_modules/firebase-admin/lib/index.js\"}"}}
[debug] [2021-02-05T05:47:14.161Z] [runtime-status] [6704] Resolved module firebase-functions {"declared":true,"installed":true,"version":"3.13.1","resolution":"/Users/wisebin/Vue-Firebase/vf2/functions/node_modules/firebase-functions/lib/index.js"} {"metadata":{"emulator":{"name":"functions"},"message":"[runtime-status] [6704] Resolved module firebase-functions {\"declared\":true,\"installed\":true,\"version\":\"3.13.1\",\"resolution\":\"/Users/wisebin/Vue-Firebase/vf2/functions/node_modules/firebase-functions/lib/index.js\"}"}}
[debug] [2021-02-05T05:47:14.162Z] [runtime-status] [6704] Resolved module firebase-functions {"declared":true,"installed":true,"version":"3.13.1","resolution":"/Users/wisebin/Vue-Firebase/vf2/functions/node_modules/firebase-functions/lib/index.js"} {"metadata":{"emulator":{"name":"functions"},"message":"[runtime-status] [6704] Resolved module firebase-functions {\"declared\":true,\"installed\":true,\"version\":\"3.13.1\",\"resolution\":\"/Users/wisebin/Vue-Firebase/vf2/functions/node_modules/firebase-functions/lib/index.js\"}"}}
[debug] [2021-02-05T05:47:14.163Z] [runtime-status] [6704] Outgoing network have been stubbed. [{"name":"http","status":"mocked"},{"name":"http","status":"mocked"},{"name":"https","status":"mocked"},{"name":"https","status":"mocked"},{"name":"net","status":"mocked"}] {"metadata":{"emulator":{"name":"functions"},"message":"[runtime-status] [6704] Outgoing network have been stubbed. [{\"name\":\"http\",\"status\":\"mocked\"},{\"name\":\"http\",\"status\":\"mocked\"},{\"name\":\"https\",\"status\":\"mocked\"},{\"name\":\"https\",\"status\":\"mocked\"},{\"name\":\"net\",\"status\":\"mocked\"}]"}}
[debug] [2021-02-05T05:47:14.163Z] [runtime-status] [6704] Resolved module firebase-functions {"declared":true,"installed":true,"version":"3.13.1","resolution":"/Users/wisebin/Vue-Firebase/vf2/functions/node_modules/firebase-functions/lib/index.js"} {"metadata":{"emulator":{"name":"functions"},"message":"[runtime-status] [6704] Resolved module firebase-functions {\"declared\":true,\"installed\":true,\"version\":\"3.13.1\",\"resolution\":\"/Users/wisebin/Vue-Firebase/vf2/functions/node_modules/firebase-functions/lib/index.js\"}"}}
[debug] [2021-02-05T05:47:14.195Z] [runtime-status] [6704] Checked functions.config() {"config":{}} {"metadata":{"emulator":{"name":"functions"},"message":"[runtime-status] [6704] Checked functions.config() {\"config\":{}}"}}
[debug] [2021-02-05T05:47:14.195Z] [runtime-status] [6704] firebase-functions has been stubbed. {"functionsResolution":{"declared":true,"installed":true,"version":"3.13.1","resolution":"/Users/wisebin/Vue-Firebase/vf2/functions/node_modules/firebase-functions/lib/index.js"}} {"metadata":{"emulator":{"name":"functions"},"message":"[runtime-status] [6704] firebase-functions has been stubbed. {\"functionsResolution\":{\"declared\":true,\"installed\":true,\"version\":\"3.13.1\",\"resolution\":\"/Users/wisebin/Vue-Firebase/vf2/functions/node_modules/firebase-functions/lib/index.js\"}}"}}
[debug] [2021-02-05T05:47:14.196Z] [runtime-status] [6704] Resolved module firebase-functions {"declared":true,"installed":true,"version":"3.13.1","resolution":"/Users/wisebin/Vue-Firebase/vf2/functions/node_modules/firebase-functions/lib/index.js"} {"metadata":{"emulator":{"name":"functions"},"message":"[runtime-status] [6704] Resolved module firebase-functions {\"declared\":true,\"installed\":true,\"version\":\"3.13.1\",\"resolution\":\"/Users/wisebin/Vue-Firebase/vf2/functions/node_modules/firebase-functions/lib/index.js\"}"}}
[debug] [2021-02-05T05:47:14.196Z] [runtime-status] [6704] Resolved module firebase-admin {"declared":true,"installed":true,"version":"9.4.2","resolution":"/Users/wisebin/Vue-Firebase/vf2/functions/node_modules/firebase-admin/lib/index.js"} {"metadata":{"emulator":{"name":"functions"},"message":"[runtime-status] [6704] Resolved module firebase-admin {\"declared\":true,\"installed\":true,\"version\":\"9.4.2\",\"resolution\":\"/Users/wisebin/Vue-Firebase/vf2/functions/node_modules/firebase-admin/lib/index.js\"}"}}
[debug] [2021-02-05T05:47:14.196Z] [runtime-status] [6704] Resolved module firebase-functions {"declared":true,"installed":true,"version":"3.13.1","resolution":"/Users/wisebin/Vue-Firebase/vf2/functions/node_modules/firebase-functions/lib/index.js"} {"metadata":{"emulator":{"name":"functions"},"message":"[runtime-status] [6704] Resolved module firebase-functions {\"declared\":true,\"installed\":true,\"version\":\"3.13.1\",\"resolution\":\"/Users/wisebin/Vue-Firebase/vf2/functions/node_modules/firebase-functions/lib/index.js\"}"}}
[debug] [2021-02-05T05:47:14.196Z] [runtime-status] [6704] firebase-admin has been stubbed. {"adminResolution":{"declared":true,"installed":true,"version":"9.4.2","resolution":"/Users/wisebin/Vue-Firebase/vf2/functions/node_modules/firebase-admin/lib/index.js"}} {"metadata":{"emulator":{"name":"functions"},"message":"[runtime-status] [6704] firebase-admin has been stubbed. {\"adminResolution\":{\"declared\":true,\"installed\":true,\"version\":\"9.4.2\",\"resolution\":\"/Users/wisebin/Vue-Firebase/vf2/functions/node_modules/firebase-admin/lib/index.js\"}}"}}
[warn] ⚠  It looks like you're trying to access functions.config().admin but there is no value there. You can learn more about setting up config here: https://firebase.google.com/docs/functions/local-emulator {"metadata":{"emulator":{"name":"functions"},"message":"It looks like you're trying to access functions.config().admin but there is no value there. You can learn more about setting up config here: https://firebase.google.com/docs/functions/local-emulator"}}
[warn] ⚠  TypeError: Cannot read property 'region' of undefined
    at Object.<anonymous> (/Users/wisebin/Vue-Firebase/vf2/functions/index.js:5:40)
    at Module._compile (internal/modules/cjs/loader.js:1136:30)
    at Module._compile (pkg/prelude/bootstrap.js:1281:32)
    at Object.Module._extensions..js (internal/modules/cjs/loader.js:1156:10)
    at Module.load (internal/modules/cjs/loader.js:984:32)
    at Function.Module._load (internal/modules/cjs/loader.js:877:14)
    at Module.require (internal/modules/cjs/loader.js:1024:19)
    at Module.require (pkg/prelude/bootstrap.js:1225:31)
    at require (internal/modules/cjs/helpers.js:72:18)
    at initializeRuntime (/Users/wisebin/.cache/firebase/tools/lib/node_modules/firebase-tools/lib/emulator/functionsEmulatorRuntime.js:676:29) {"metadata":{"emulator":{"name":"functions"},"message":"TypeError: Cannot read property 'region' of undefined\n    at Object.<anonymous> (/Users/wisebin/Vue-Firebase/vf2/functions/index.js:5:40)\n    at Module._compile (internal/modules/cjs/loader.js:1136:30)\n    at Module._compile (pkg/prelude/bootstrap.js:1281:32)\n    at Object.Module._extensions..js (internal/modules/cjs/loader.js:1156:10)\n    at Module.load (internal/modules/cjs/loader.js:984:32)\n    at Function.Module._load (internal/modules/cjs/loader.js:877:14)\n    at Module.require (internal/modules/cjs/loader.js:1024:19)\n    at Module.require (pkg/prelude/bootstrap.js:1225:31)\n    at require (internal/modules/cjs/helpers.js:72:18)\n    at initializeRuntime (/Users/wisebin/.cache/firebase/tools/lib/node_modules/firebase-tools/lib/emulator/functionsEmulatorRuntime.js:676:29)"}}
[warn] ⚠  We were unable to load your functions code. (see above) {"metadata":{"emulator":{"name":"functions"}}}
[debug] [2021-02-05T05:47:14.224Z] [worker-~diagnostic~-8a44a898-fcb0-4dc9-b7ef-c38f0a9be1d4]: exited {"metadata":{"emulator":{"name":"functions"},"message":"[worker-~diagnostic~-8a44a898-fcb0-4dc9-b7ef-c38f0a9be1d4]: exited"}}
[debug] [2021-02-05T05:47:14.224Z] [worker-~diagnostic~-8a44a898-fcb0-4dc9-b7ef-c38f0a9be1d4]: FINISHED {"metadata":{"emulator":{"name":"functions"},"message":"[worker-~diagnostic~-8a44a898-fcb0-4dc9-b7ef-c38f0a9be1d4]: FINISHED"}}
